INFO 2025-09-16 22:13:33,077 [autoreload] Watching for file changes with StatReloader
INFO 2025-09-16 22:13:58,873 [autoreload] Watching for file changes with StatReloader
INFO 2025-09-17 10:02:00,368 [autoreload] Watching for file changes with StatReloader
INFO 2025-09-17 10:03:38,877 [autoreload] Watching for file changes with StatReloader
INFO 2025-09-17 20:53:50,622 [autoreload] C:\Projets\observations_nids\observations\urls.py changed, reloading.
INFO 2025-09-17 20:53:53,324 [autoreload] Watching for file changes with StatReloader
INFO 2025-09-17 21:01:10,918 [autoreload] Watching for file changes with StatReloader
INFO 2025-09-18 10:12:28,187 [autoreload] Watching for file changes with StatReloader
INFO 2025-09-18 10:12:54,020 [views_home] Accueil visité
DEBUG 2025-09-18 10:12:54,397 [views_home] Visite anonyme - Redirection vers access_restricted.html
INFO 2025-09-18 10:12:54,445 [basehttp] "GET / HTTP/1.1" 200 13829
INFO 2025-09-18 10:12:57,572 [basehttp] "GET /auth/login/ HTTP/1.1" 200 16125
INFO 2025-09-18 10:12:57,607 [basehttp] "GET /static/Observations/css/normalize.css HTTP/1.1" 200 6485
INFO 2025-09-18 10:12:57,609 [basehttp] "GET /static/Observations/css/bootstrap.min.css HTTP/1.1" 200 3918
INFO 2025-09-18 10:12:57,610 [basehttp] "GET /static/Observations/js/bootstrap.bundle.min.js HTTP/1.1" 200 494
INFO 2025-09-18 10:12:57,610 [basehttp] "GET /static/Observations/js/main.js HTTP/1.1" 200 5707
INFO 2025-09-18 10:12:57,611 [basehttp] "GET /static/Observations/css/styles.css HTTP/1.1" 200 11439
INFO 2025-09-18 10:13:06,464 [basehttp] "POST /auth/login/ HTTP/1.1" 200 13882
INFO 2025-09-18 10:13:15,235 [views_home] Accueil visité
ERROR 2025-09-18 10:13:15,362 [log] Internal Server Error: /
Traceback (most recent call last):
  File "C:\Projets\Observations_Nids\.venv\Lib\site-packages\django\core\handlers\exception.py", line 55, in inner
    response = get_response(request)
               ^^^^^^^^^^^^^^^^^^^^^
  File "C:\Projets\Observations_Nids\.venv\Lib\site-packages\django\core\handlers\base.py", line 197, in _get_response
    response = wrapped_callback(request, *callback_args, **callback_kwargs)
               ^^^^^^^^^^^^^^^^^^^^^^^^^^^^^^^^^^^^^^^^^^^^^^^^^^^^^^^^^^^^
  File "C:\Projets\Observations_Nids\observations\views\views_home.py", line 25, in home
    return render(request, 'home.html', {
           ^^^^^^^^^^^^^^^^^^^^^^^^^^^^^^
  File "C:\Projets\Observations_Nids\.venv\Lib\site-packages\django\shortcuts.py", line 25, in render
    content = loader.render_to_string(template_name, context, request, using=using)
              ^^^^^^^^^^^^^^^^^^^^^^^^^^^^^^^^^^^^^^^^^^^^^^^^^^^^^^^^^^^^^^^^^^^^^
  File "C:\Projets\Observations_Nids\.venv\Lib\site-packages\django\template\loader.py", line 62, in render_to_string
    return template.render(context, request)
           ^^^^^^^^^^^^^^^^^^^^^^^^^^^^^^^^^
  File "C:\Projets\Observations_Nids\.venv\Lib\site-packages\django\template\backends\django.py", line 107, in render
    return self.template.render(context)
           ^^^^^^^^^^^^^^^^^^^^^^^^^^^^^
  File "C:\Projets\Observations_Nids\.venv\Lib\site-packages\django\template\base.py", line 171, in render
    return self._render(context)
           ^^^^^^^^^^^^^^^^^^^^^
  File "C:\Projets\Observations_Nids\.venv\Lib\site-packages\django\test\utils.py", line 114, in instrumented_test_render
    return self.nodelist.render(context)
           ^^^^^^^^^^^^^^^^^^^^^^^^^^^^^
  File "C:\Projets\Observations_Nids\.venv\Lib\site-packages\django\template\base.py", line 1008, in render
    return SafeString("".join([node.render_annotated(context) for node in self]))
                               ^^^^^^^^^^^^^^^^^^^^^^^^^^^^^^
  File "C:\Projets\Observations_Nids\.venv\Lib\site-packages\django\template\base.py", line 969, in render_annotated
    return self.render(context)
           ^^^^^^^^^^^^^^^^^^^^
  File "C:\Projets\Observations_Nids\.venv\Lib\site-packages\django\template\loader_tags.py", line 159, in render
    return compiled_parent._render(context)
           ^^^^^^^^^^^^^^^^^^^^^^^^^^^^^^^^
  File "C:\Projets\Observations_Nids\.venv\Lib\site-packages\django\test\utils.py", line 114, in instrumented_test_render
    return self.nodelist.render(context)
           ^^^^^^^^^^^^^^^^^^^^^^^^^^^^^
  File "C:\Projets\Observations_Nids\.venv\Lib\site-packages\django\template\base.py", line 1008, in render
    return SafeString("".join([node.render_annotated(context) for node in self]))
                               ^^^^^^^^^^^^^^^^^^^^^^^^^^^^^^
  File "C:\Projets\Observations_Nids\.venv\Lib\site-packages\django\template\base.py", line 969, in render_annotated
    return self.render(context)
           ^^^^^^^^^^^^^^^^^^^^
  File "C:\Projets\Observations_Nids\.venv\Lib\site-packages\django\template\loader_tags.py", line 65, in render
    result = block.nodelist.render(context)
             ^^^^^^^^^^^^^^^^^^^^^^^^^^^^^^
  File "C:\Projets\Observations_Nids\.venv\Lib\site-packages\django\template\base.py", line 1008, in render
    return SafeString("".join([node.render_annotated(context) for node in self]))
                               ^^^^^^^^^^^^^^^^^^^^^^^^^^^^^^
  File "C:\Projets\Observations_Nids\.venv\Lib\site-packages\django\template\base.py", line 969, in render_annotated
    return self.render(context)
           ^^^^^^^^^^^^^^^^^^^^
  File "C:\Projets\Observations_Nids\.venv\Lib\site-packages\django\template\defaulttags.py", line 480, in render
    url = reverse(view_name, args=args, kwargs=kwargs, current_app=current_app)
          ^^^^^^^^^^^^^^^^^^^^^^^^^^^^^^^^^^^^^^^^^^^^^^^^^^^^^^^^^^^^^^^^^^^^^
  File "C:\Projets\Observations_Nids\.venv\Lib\site-packages\django\urls\base.py", line 88, in reverse
    return resolver._reverse_with_prefix(view, prefix, *args, **kwargs)
           ^^^^^^^^^^^^^^^^^^^^^^^^^^^^^^^^^^^^^^^^^^^^^^^^^^^^^^^^^^^^
  File "C:\Projets\Observations_Nids\.venv\Lib\site-packages\django\urls\resolvers.py", line 831, in _reverse_with_prefix
    raise NoReverseMatch(msg)
django.urls.exceptions.NoReverseMatch: Reverse for 'saisie_observation_optimisee' not found. 'saisie_observation_optimisee' is not a valid view function or pattern name.
ERROR 2025-09-18 10:13:15,448 [basehttp] "GET / HTTP/1.1" 500 177770
INFO 2025-09-18 10:37:39,442 [autoreload] C:\Projets\observations_nids\observations\views\saisie_observation_view.py changed, reloading.
INFO 2025-09-18 10:37:41,265 [autoreload] Watching for file changes with StatReloader
INFO 2025-09-18 14:55:48,256 [autoreload] Watching for file changes with StatReloader
INFO 2025-09-18 14:58:59,644 [autoreload] Watching for file changes with StatReloader
INFO 2025-09-18 14:59:06,810 [views_home] Accueil visité
DEBUG 2025-09-18 14:59:07,038 [views_home] Visite anonyme - Redirection vers access_restricted.html
INFO 2025-09-18 14:59:07,082 [basehttp] "GET / HTTP/1.1" 200 13829
INFO 2025-09-18 14:59:10,877 [basehttp] "GET /auth/login/ HTTP/1.1" 200 16125
INFO 2025-09-18 14:59:18,945 [basehttp] "POST /auth/login/ HTTP/1.1" 200 13882
INFO 2025-09-18 14:59:21,065 [views_home] Accueil visité
ERROR 2025-09-18 14:59:21,163 [log] Internal Server Error: /
Traceback (most recent call last):
  File "C:\Projets\Observations_Nids\.venv\Lib\site-packages\django\core\handlers\exception.py", line 55, in inner
    response = get_response(request)
               ^^^^^^^^^^^^^^^^^^^^^
  File "C:\Projets\Observations_Nids\.venv\Lib\site-packages\django\core\handlers\base.py", line 197, in _get_response
    response = wrapped_callback(request, *callback_args, **callback_kwargs)
               ^^^^^^^^^^^^^^^^^^^^^^^^^^^^^^^^^^^^^^^^^^^^^^^^^^^^^^^^^^^^
  File "C:\Projets\Observations_Nids\observations\views\views_home.py", line 25, in home
    return render(request, 'home.html', {
           ^^^^^^^^^^^^^^^^^^^^^^^^^^^^^^
  File "C:\Projets\Observations_Nids\.venv\Lib\site-packages\django\shortcuts.py", line 25, in render
    content = loader.render_to_string(template_name, context, request, using=using)
              ^^^^^^^^^^^^^^^^^^^^^^^^^^^^^^^^^^^^^^^^^^^^^^^^^^^^^^^^^^^^^^^^^^^^^
  File "C:\Projets\Observations_Nids\.venv\Lib\site-packages\django\template\loader.py", line 62, in render_to_string
    return template.render(context, request)
           ^^^^^^^^^^^^^^^^^^^^^^^^^^^^^^^^^
  File "C:\Projets\Observations_Nids\.venv\Lib\site-packages\django\template\backends\django.py", line 107, in render
    return self.template.render(context)
           ^^^^^^^^^^^^^^^^^^^^^^^^^^^^^
  File "C:\Projets\Observations_Nids\.venv\Lib\site-packages\django\template\base.py", line 171, in render
    return self._render(context)
           ^^^^^^^^^^^^^^^^^^^^^
  File "C:\Projets\Observations_Nids\.venv\Lib\site-packages\django\test\utils.py", line 114, in instrumented_test_render
    return self.nodelist.render(context)
           ^^^^^^^^^^^^^^^^^^^^^^^^^^^^^
  File "C:\Projets\Observations_Nids\.venv\Lib\site-packages\django\template\base.py", line 1008, in render
    return SafeString("".join([node.render_annotated(context) for node in self]))
                               ^^^^^^^^^^^^^^^^^^^^^^^^^^^^^^
  File "C:\Projets\Observations_Nids\.venv\Lib\site-packages\django\template\base.py", line 969, in render_annotated
    return self.render(context)
           ^^^^^^^^^^^^^^^^^^^^
  File "C:\Projets\Observations_Nids\.venv\Lib\site-packages\django\template\loader_tags.py", line 159, in render
    return compiled_parent._render(context)
           ^^^^^^^^^^^^^^^^^^^^^^^^^^^^^^^^
  File "C:\Projets\Observations_Nids\.venv\Lib\site-packages\django\test\utils.py", line 114, in instrumented_test_render
    return self.nodelist.render(context)
           ^^^^^^^^^^^^^^^^^^^^^^^^^^^^^
  File "C:\Projets\Observations_Nids\.venv\Lib\site-packages\django\template\base.py", line 1008, in render
    return SafeString("".join([node.render_annotated(context) for node in self]))
                               ^^^^^^^^^^^^^^^^^^^^^^^^^^^^^^
  File "C:\Projets\Observations_Nids\.venv\Lib\site-packages\django\template\base.py", line 969, in render_annotated
    return self.render(context)
           ^^^^^^^^^^^^^^^^^^^^
  File "C:\Projets\Observations_Nids\.venv\Lib\site-packages\django\template\loader_tags.py", line 65, in render
    result = block.nodelist.render(context)
             ^^^^^^^^^^^^^^^^^^^^^^^^^^^^^^
  File "C:\Projets\Observations_Nids\.venv\Lib\site-packages\django\template\base.py", line 1008, in render
    return SafeString("".join([node.render_annotated(context) for node in self]))
                               ^^^^^^^^^^^^^^^^^^^^^^^^^^^^^^
  File "C:\Projets\Observations_Nids\.venv\Lib\site-packages\django\template\base.py", line 969, in render_annotated
    return self.render(context)
           ^^^^^^^^^^^^^^^^^^^^
  File "C:\Projets\Observations_Nids\.venv\Lib\site-packages\django\template\defaulttags.py", line 480, in render
    url = reverse(view_name, args=args, kwargs=kwargs, current_app=current_app)
          ^^^^^^^^^^^^^^^^^^^^^^^^^^^^^^^^^^^^^^^^^^^^^^^^^^^^^^^^^^^^^^^^^^^^^
  File "C:\Projets\Observations_Nids\.venv\Lib\site-packages\django\urls\base.py", line 88, in reverse
    return resolver._reverse_with_prefix(view, prefix, *args, **kwargs)
           ^^^^^^^^^^^^^^^^^^^^^^^^^^^^^^^^^^^^^^^^^^^^^^^^^^^^^^^^^^^^
  File "C:\Projets\Observations_Nids\.venv\Lib\site-packages\django\urls\resolvers.py", line 831, in _reverse_with_prefix
    raise NoReverseMatch(msg)
django.urls.exceptions.NoReverseMatch: Reverse for 'saisie_observation_optimisee' not found. 'saisie_observation_optimisee' is not a valid view function or pattern name.
ERROR 2025-09-18 14:59:21,242 [basehttp] "GET / HTTP/1.1" 500 177770
INFO 2025-09-19 09:52:01,230 [autoreload] Watching for file changes with StatReloader
INFO 2025-09-19 09:58:50,747 [autoreload] Watching for file changes with StatReloader
INFO 2025-09-19 09:59:03,960 [views_home] Accueil visité
DEBUG 2025-09-19 09:59:04,221 [views_home] Visite anonyme - Redirection vers access_restricted.html
INFO 2025-09-19 09:59:04,313 [basehttp] "GET / HTTP/1.1" 200 13829
INFO 2025-09-19 09:59:07,251 [basehttp] "GET /auth/login/ HTTP/1.1" 200 16125
INFO 2025-09-19 09:59:07,283 [basehttp] "GET /static/Observations/js/main.js HTTP/1.1" 304 0
INFO 2025-09-19 09:59:14,319 [basehttp] "POST /auth/login/ HTTP/1.1" 200 13882
INFO 2025-09-19 09:59:19,017 [views_home] Accueil visité
INFO 2025-09-19 09:59:19,109 [basehttp] "GET / HTTP/1.1" 200 17335
INFO 2025-09-19 09:59:29,736 [basehttp] "GET /gestion/urgence/promouvoir-administrateur/ HTTP/1.1" 200 17036
INFO 2025-09-19 09:59:35,358 [basehttp] "POST /gestion/urgence/promouvoir-administrateur/ HTTP/1.1" 200 13970
INFO 2025-09-19 09:59:42,635 [basehttp] "GET /gestion/utilisateurs/ HTTP/1.1" 200 20556
INFO 2025-09-19 11:06:43,727 [basehttp] "GET /gestion/utilisateurs/1/modifier/ HTTP/1.1" 200 14014
INFO 2025-09-19 11:06:43,730 [basehttp] "GET /gestion/utilisateurs/1/detail/ HTTP/1.1" 200 14006
INFO 2025-09-19 11:06:46,912 [basehttp] "GET /auth/login/?next=/gestion/utilisateurs/1/modifier/ HTTP/1.1" 200 16164
INFO 2025-09-19 11:06:54,006 [basehttp] "POST /auth/login/?next=/gestion/utilisateurs/1/modifier/ HTTP/1.1" 200 13985
INFO 2025-09-19 11:06:56,021 [basehttp] "GET /gestion/utilisateurs/1/modifier/ HTTP/1.1" 200 20655
INFO 2025-09-19 11:07:06,441 [basehttp] "POST /gestion/utilisateurs/1/modifier/ HTTP/1.1" 200 13956
INFO 2025-09-19 11:07:08,425 [basehttp] "GET /gestion/utilisateurs/ HTTP/1.1" 200 20543
INFO 2025-09-19 13:50:36,549 [autoreload] Watching for file changes with StatReloader
INFO 2025-09-19 13:50:44,214 [views_home] Accueil visité
DEBUG 2025-09-19 13:50:44,478 [views_home] Visite anonyme - Redirection vers access_restricted.html
ERROR 2025-09-19 13:50:44,531 [log] Internal Server Error: /
Traceback (most recent call last):
  File "C:\Projets\Observations_Nids\.venv\Lib\site-packages\django\template\backends\django.py", line 107, in render
    return self.template.render(context)
           ^^^^^^^^^^^^^^^^^^^^^^^^^^^^^
  File "C:\Projets\Observations_Nids\.venv\Lib\site-packages\django\template\base.py", line 171, in render
    return self._render(context)
           ^^^^^^^^^^^^^^^^^^^^^
  File "C:\Projets\Observations_Nids\.venv\Lib\site-packages\django\test\utils.py", line 114, in instrumented_test_render
    return self.nodelist.render(context)
           ^^^^^^^^^^^^^^^^^^^^^^^^^^^^^
  File "C:\Projets\Observations_Nids\.venv\Lib\site-packages\django\template\base.py", line 1008, in render
    return SafeString("".join([node.render_annotated(context) for node in self]))
                               ^^^^^^^^^^^^^^^^^^^^^^^^^^^^^^
  File "C:\Projets\Observations_Nids\.venv\Lib\site-packages\django\template\base.py", line 969, in render_annotated
    return self.render(context)
           ^^^^^^^^^^^^^^^^^^^^
  File "C:\Projets\Observations_Nids\.venv\Lib\site-packages\django\template\loader_tags.py", line 159, in render
    return compiled_parent._render(context)
           ^^^^^^^^^^^^^^^^^^^^^^^^^^^^^^^^
  File "C:\Projets\Observations_Nids\.venv\Lib\site-packages\django\test\utils.py", line 114, in instrumented_test_render
    return self.nodelist.render(context)
           ^^^^^^^^^^^^^^^^^^^^^^^^^^^^^
  File "C:\Projets\Observations_Nids\.venv\Lib\site-packages\django\template\base.py", line 1008, in render
    return SafeString("".join([node.render_annotated(context) for node in self]))
                               ^^^^^^^^^^^^^^^^^^^^^^^^^^^^^^
  File "C:\Projets\Observations_Nids\.venv\Lib\site-packages\django\template\base.py", line 969, in render_annotated
    return self.render(context)
           ^^^^^^^^^^^^^^^^^^^^
  File "C:\Projets\Observations_Nids\.venv\Lib\site-packages\django\template\loader_tags.py", line 159, in render
    return compiled_parent._render(context)
           ^^^^^^^^^^^^^^^^^^^^^^^^^^^^^^^^
  File "C:\Projets\Observations_Nids\.venv\Lib\site-packages\django\test\utils.py", line 114, in instrumented_test_render
    return self.nodelist.render(context)
           ^^^^^^^^^^^^^^^^^^^^^^^^^^^^^
  File "C:\Projets\Observations_Nids\.venv\Lib\site-packages\django\template\base.py", line 1008, in render
    return SafeString("".join([node.render_annotated(context) for node in self]))
                               ^^^^^^^^^^^^^^^^^^^^^^^^^^^^^^
  File "C:\Projets\Observations_Nids\.venv\Lib\site-packages\django\template\base.py", line 969, in render_annotated
    return self.render(context)
           ^^^^^^^^^^^^^^^^^^^^
  File "C:\Projets\Observations_Nids\.venv\Lib\site-packages\django\template\loader_tags.py", line 134, in render
    compiled_parent = self.get_parent(context)
                      ^^^^^^^^^^^^^^^^^^^^^^^^
  File "C:\Projets\Observations_Nids\.venv\Lib\site-packages\django\template\loader_tags.py", line 131, in get_parent
    return self.find_template(parent, context)
           ^^^^^^^^^^^^^^^^^^^^^^^^^^^^^^^^^^^
  File "C:\Projets\Observations_Nids\.venv\Lib\site-packages\django\template\loader_tags.py", line 109, in find_template
    template, origin = context.template.engine.find_template(
                       ^^^^^^^^^^^^^^^^^^^^^^^^^^^^^^^^^^^^^^
  File "C:\Projets\Observations_Nids\.venv\Lib\site-packages\django\template\engine.py", line 163, in find_template
    raise TemplateDoesNotExist(name, tried=tried)
django.template.exceptions.TemplateDoesNotExist: base.html

The above exception was the direct cause of the following exception:

Traceback (most recent call last):
  File "C:\Projets\Observations_Nids\.venv\Lib\site-packages\django\core\handlers\exception.py", line 55, in inner
    response = get_response(request)
               ^^^^^^^^^^^^^^^^^^^^^
  File "C:\Projets\Observations_Nids\.venv\Lib\site-packages\django\core\handlers\base.py", line 197, in _get_response
    response = wrapped_callback(request, *callback_args, **callback_kwargs)
               ^^^^^^^^^^^^^^^^^^^^^^^^^^^^^^^^^^^^^^^^^^^^^^^^^^^^^^^^^^^^
  File "C:\Projets\Observations_Nids\observations\views\views_home.py", line 17, in home
    return render(request, 'access_restricted.html')
           ^^^^^^^^^^^^^^^^^^^^^^^^^^^^^^^^^^^^^^^^^
  File "C:\Projets\Observations_Nids\.venv\Lib\site-packages\django\shortcuts.py", line 25, in render
    content = loader.render_to_string(template_name, context, request, using=using)
              ^^^^^^^^^^^^^^^^^^^^^^^^^^^^^^^^^^^^^^^^^^^^^^^^^^^^^^^^^^^^^^^^^^^^^
  File "C:\Projets\Observations_Nids\.venv\Lib\site-packages\django\template\loader.py", line 62, in render_to_string
    return template.render(context, request)
           ^^^^^^^^^^^^^^^^^^^^^^^^^^^^^^^^^
  File "C:\Projets\Observations_Nids\.venv\Lib\site-packages\django\template\backends\django.py", line 109, in render
    reraise(exc, self.backend)
  File "C:\Projets\Observations_Nids\.venv\Lib\site-packages\django\template\backends\django.py", line 130, in reraise
    raise new from exc
django.template.exceptions.TemplateDoesNotExist: base.html
ERROR 2025-09-19 13:50:44,634 [basehttp] "GET / HTTP/1.1" 500 187875
INFO 2025-09-19 13:51:16,362 [views_home] Accueil visité
DEBUG 2025-09-19 13:51:16,362 [views_home] Visite anonyme - Redirection vers access_restricted.html
ERROR 2025-09-19 13:51:16,389 [log] Internal Server Error: /
Traceback (most recent call last):
  File "C:\Projets\Observations_Nids\.venv\Lib\site-packages\django\template\backends\django.py", line 107, in render
    return self.template.render(context)
           ^^^^^^^^^^^^^^^^^^^^^^^^^^^^^
  File "C:\Projets\Observations_Nids\.venv\Lib\site-packages\django\template\base.py", line 171, in render
    return self._render(context)
           ^^^^^^^^^^^^^^^^^^^^^
  File "C:\Projets\Observations_Nids\.venv\Lib\site-packages\django\test\utils.py", line 114, in instrumented_test_render
    return self.nodelist.render(context)
           ^^^^^^^^^^^^^^^^^^^^^^^^^^^^^
  File "C:\Projets\Observations_Nids\.venv\Lib\site-packages\django\template\base.py", line 1008, in render
    return SafeString("".join([node.render_annotated(context) for node in self]))
                               ^^^^^^^^^^^^^^^^^^^^^^^^^^^^^^
  File "C:\Projets\Observations_Nids\.venv\Lib\site-packages\django\template\base.py", line 969, in render_annotated
    return self.render(context)
           ^^^^^^^^^^^^^^^^^^^^
  File "C:\Projets\Observations_Nids\.venv\Lib\site-packages\django\template\loader_tags.py", line 159, in render
    return compiled_parent._render(context)
           ^^^^^^^^^^^^^^^^^^^^^^^^^^^^^^^^
  File "C:\Projets\Observations_Nids\.venv\Lib\site-packages\django\test\utils.py", line 114, in instrumented_test_render
    return self.nodelist.render(context)
           ^^^^^^^^^^^^^^^^^^^^^^^^^^^^^
  File "C:\Projets\Observations_Nids\.venv\Lib\site-packages\django\template\base.py", line 1008, in render
    return SafeString("".join([node.render_annotated(context) for node in self]))
                               ^^^^^^^^^^^^^^^^^^^^^^^^^^^^^^
  File "C:\Projets\Observations_Nids\.venv\Lib\site-packages\django\template\base.py", line 969, in render_annotated
    return self.render(context)
           ^^^^^^^^^^^^^^^^^^^^
  File "C:\Projets\Observations_Nids\.venv\Lib\site-packages\django\template\loader_tags.py", line 159, in render
    return compiled_parent._render(context)
           ^^^^^^^^^^^^^^^^^^^^^^^^^^^^^^^^
  File "C:\Projets\Observations_Nids\.venv\Lib\site-packages\django\test\utils.py", line 114, in instrumented_test_render
    return self.nodelist.render(context)
           ^^^^^^^^^^^^^^^^^^^^^^^^^^^^^
  File "C:\Projets\Observations_Nids\.venv\Lib\site-packages\django\template\base.py", line 1008, in render
    return SafeString("".join([node.render_annotated(context) for node in self]))
                               ^^^^^^^^^^^^^^^^^^^^^^^^^^^^^^
  File "C:\Projets\Observations_Nids\.venv\Lib\site-packages\django\template\base.py", line 969, in render_annotated
    return self.render(context)
           ^^^^^^^^^^^^^^^^^^^^
  File "C:\Projets\Observations_Nids\.venv\Lib\site-packages\django\template\loader_tags.py", line 134, in render
    compiled_parent = self.get_parent(context)
                      ^^^^^^^^^^^^^^^^^^^^^^^^
  File "C:\Projets\Observations_Nids\.venv\Lib\site-packages\django\template\loader_tags.py", line 131, in get_parent
    return self.find_template(parent, context)
           ^^^^^^^^^^^^^^^^^^^^^^^^^^^^^^^^^^^
  File "C:\Projets\Observations_Nids\.venv\Lib\site-packages\django\template\loader_tags.py", line 109, in find_template
    template, origin = context.template.engine.find_template(
                       ^^^^^^^^^^^^^^^^^^^^^^^^^^^^^^^^^^^^^^
  File "C:\Projets\Observations_Nids\.venv\Lib\site-packages\django\template\engine.py", line 163, in find_template
    raise TemplateDoesNotExist(name, tried=tried)
django.template.exceptions.TemplateDoesNotExist: base.html

The above exception was the direct cause of the following exception:

Traceback (most recent call last):
  File "C:\Projets\Observations_Nids\.venv\Lib\site-packages\django\core\handlers\exception.py", line 55, in inner
    response = get_response(request)
               ^^^^^^^^^^^^^^^^^^^^^
  File "C:\Projets\Observations_Nids\.venv\Lib\site-packages\django\core\handlers\base.py", line 197, in _get_response
    response = wrapped_callback(request, *callback_args, **callback_kwargs)
               ^^^^^^^^^^^^^^^^^^^^^^^^^^^^^^^^^^^^^^^^^^^^^^^^^^^^^^^^^^^^
  File "C:\Projets\Observations_Nids\observations\views\views_home.py", line 17, in home
    return render(request, 'access_restricted.html')
           ^^^^^^^^^^^^^^^^^^^^^^^^^^^^^^^^^^^^^^^^^
  File "C:\Projets\Observations_Nids\.venv\Lib\site-packages\django\shortcuts.py", line 25, in render
    content = loader.render_to_string(template_name, context, request, using=using)
              ^^^^^^^^^^^^^^^^^^^^^^^^^^^^^^^^^^^^^^^^^^^^^^^^^^^^^^^^^^^^^^^^^^^^^
  File "C:\Projets\Observations_Nids\.venv\Lib\site-packages\django\template\loader.py", line 62, in render_to_string
    return template.render(context, request)
           ^^^^^^^^^^^^^^^^^^^^^^^^^^^^^^^^^
  File "C:\Projets\Observations_Nids\.venv\Lib\site-packages\django\template\backends\django.py", line 109, in render
    reraise(exc, self.backend)
  File "C:\Projets\Observations_Nids\.venv\Lib\site-packages\django\template\backends\django.py", line 130, in reraise
    raise new from exc
django.template.exceptions.TemplateDoesNotExist: base.html
ERROR 2025-09-19 13:51:16,433 [basehttp] "GET / HTTP/1.1" 500 187860
INFO 2025-09-19 16:55:00,629 [autoreload] Watching for file changes with StatReloader
INFO 2025-09-19 16:55:11,326 [autoreload] Watching for file changes with StatReloader
INFO 2025-09-19 16:55:20,418 [views_home] Accueil visité
DEBUG 2025-09-19 16:55:20,418 [views_home] Visite anonyme - Redirection vers access_restricted.html
ERROR 2025-09-19 16:55:20,470 [log] Internal Server Error: /
Traceback (most recent call last):
  File "C:\Projets\Observations_Nids\.venv\Lib\site-packages\django\template\backends\django.py", line 107, in render
    return self.template.render(context)
           ^^^^^^^^^^^^^^^^^^^^^^^^^^^^^
  File "C:\Projets\Observations_Nids\.venv\Lib\site-packages\django\template\base.py", line 171, in render
    return self._render(context)
           ^^^^^^^^^^^^^^^^^^^^^
  File "C:\Projets\Observations_Nids\.venv\Lib\site-packages\django\test\utils.py", line 114, in instrumented_test_render
    return self.nodelist.render(context)
           ^^^^^^^^^^^^^^^^^^^^^^^^^^^^^
  File "C:\Projets\Observations_Nids\.venv\Lib\site-packages\django\template\base.py", line 1008, in render
    return SafeString("".join([node.render_annotated(context) for node in self]))
                               ^^^^^^^^^^^^^^^^^^^^^^^^^^^^^^
  File "C:\Projets\Observations_Nids\.venv\Lib\site-packages\django\template\base.py", line 969, in render_annotated
    return self.render(context)
           ^^^^^^^^^^^^^^^^^^^^
  File "C:\Projets\Observations_Nids\.venv\Lib\site-packages\django\template\loader_tags.py", line 159, in render
    return compiled_parent._render(context)
           ^^^^^^^^^^^^^^^^^^^^^^^^^^^^^^^^
  File "C:\Projets\Observations_Nids\.venv\Lib\site-packages\django\test\utils.py", line 114, in instrumented_test_render
    return self.nodelist.render(context)
           ^^^^^^^^^^^^^^^^^^^^^^^^^^^^^
  File "C:\Projets\Observations_Nids\.venv\Lib\site-packages\django\template\base.py", line 1008, in render
    return SafeString("".join([node.render_annotated(context) for node in self]))
                               ^^^^^^^^^^^^^^^^^^^^^^^^^^^^^^
  File "C:\Projets\Observations_Nids\.venv\Lib\site-packages\django\template\base.py", line 969, in render_annotated
    return self.render(context)
           ^^^^^^^^^^^^^^^^^^^^
  File "C:\Projets\Observations_Nids\.venv\Lib\site-packages\django\template\loader_tags.py", line 159, in render
    return compiled_parent._render(context)
           ^^^^^^^^^^^^^^^^^^^^^^^^^^^^^^^^
  File "C:\Projets\Observations_Nids\.venv\Lib\site-packages\django\test\utils.py", line 114, in instrumented_test_render
    return self.nodelist.render(context)
           ^^^^^^^^^^^^^^^^^^^^^^^^^^^^^
  File "C:\Projets\Observations_Nids\.venv\Lib\site-packages\django\template\base.py", line 1008, in render
    return SafeString("".join([node.render_annotated(context) for node in self]))
                               ^^^^^^^^^^^^^^^^^^^^^^^^^^^^^^
  File "C:\Projets\Observations_Nids\.venv\Lib\site-packages\django\template\base.py", line 969, in render_annotated
    return self.render(context)
           ^^^^^^^^^^^^^^^^^^^^
  File "C:\Projets\Observations_Nids\.venv\Lib\site-packages\django\template\loader_tags.py", line 159, in render
    return compiled_parent._render(context)
           ^^^^^^^^^^^^^^^^^^^^^^^^^^^^^^^^
  File "C:\Projets\Observations_Nids\.venv\Lib\site-packages\django\test\utils.py", line 114, in instrumented_test_render
    return self.nodelist.render(context)
           ^^^^^^^^^^^^^^^^^^^^^^^^^^^^^
  File "C:\Projets\Observations_Nids\.venv\Lib\site-packages\django\template\base.py", line 1008, in render
    return SafeString("".join([node.render_annotated(context) for node in self]))
                               ^^^^^^^^^^^^^^^^^^^^^^^^^^^^^^
  File "C:\Projets\Observations_Nids\.venv\Lib\site-packages\django\template\base.py", line 969, in render_annotated
    return self.render(context)
           ^^^^^^^^^^^^^^^^^^^^
  File "C:\Projets\Observations_Nids\.venv\Lib\site-packages\django\template\loader_tags.py", line 134, in render
    compiled_parent = self.get_parent(context)
                      ^^^^^^^^^^^^^^^^^^^^^^^^
  File "C:\Projets\Observations_Nids\.venv\Lib\site-packages\django\template\loader_tags.py", line 131, in get_parent
    return self.find_template(parent, context)
           ^^^^^^^^^^^^^^^^^^^^^^^^^^^^^^^^^^^
  File "C:\Projets\Observations_Nids\.venv\Lib\site-packages\django\template\loader_tags.py", line 109, in find_template
    template, origin = context.template.engine.find_template(
                       ^^^^^^^^^^^^^^^^^^^^^^^^^^^^^^^^^^^^^^
  File "C:\Projets\Observations_Nids\.venv\Lib\site-packages\django\template\engine.py", line 163, in find_template
    raise TemplateDoesNotExist(name, tried=tried)
django.template.exceptions.TemplateDoesNotExist: base.html

The above exception was the direct cause of the following exception:

Traceback (most recent call last):
  File "C:\Projets\Observations_Nids\.venv\Lib\site-packages\django\core\handlers\exception.py", line 55, in inner
    response = get_response(request)
               ^^^^^^^^^^^^^^^^^^^^^
  File "C:\Projets\Observations_Nids\.venv\Lib\site-packages\django\core\handlers\base.py", line 197, in _get_response
    response = wrapped_callback(request, *callback_args, **callback_kwargs)
               ^^^^^^^^^^^^^^^^^^^^^^^^^^^^^^^^^^^^^^^^^^^^^^^^^^^^^^^^^^^^
  File "C:\Projets\Observations_Nids\observations\views\views_home.py", line 17, in home
    return render(request, 'access_restricted.html')
           ^^^^^^^^^^^^^^^^^^^^^^^^^^^^^^^^^^^^^^^^^
  File "C:\Projets\Observations_Nids\.venv\Lib\site-packages\django\shortcuts.py", line 25, in render
    content = loader.render_to_string(template_name, context, request, using=using)
              ^^^^^^^^^^^^^^^^^^^^^^^^^^^^^^^^^^^^^^^^^^^^^^^^^^^^^^^^^^^^^^^^^^^^^
  File "C:\Projets\Observations_Nids\.venv\Lib\site-packages\django\template\loader.py", line 62, in render_to_string
    return template.render(context, request)
           ^^^^^^^^^^^^^^^^^^^^^^^^^^^^^^^^^
  File "C:\Projets\Observations_Nids\.venv\Lib\site-packages\django\template\backends\django.py", line 109, in render
    reraise(exc, self.backend)
  File "C:\Projets\Observations_Nids\.venv\Lib\site-packages\django\template\backends\django.py", line 130, in reraise
    raise new from exc
django.template.exceptions.TemplateDoesNotExist: base.html
ERROR 2025-09-19 16:55:20,542 [basehttp] "GET / HTTP/1.1" 500 206533
INFO 2025-09-20 11:15:56,981 [autoreload] Watching for file changes with StatReloader
INFO 2025-09-20 11:16:04,750 [views_home] Accueil visité
DEBUG 2025-09-20 11:16:04,750 [views_home] Visite anonyme - Redirection vers access_restricted.html
ERROR 2025-09-20 11:16:04,801 [log] Internal Server Error: /
Traceback (most recent call last):
  File "C:\Projets\Observations_Nids\.venv\Lib\site-packages\django\template\backends\django.py", line 107, in render
    return self.template.render(context)
           ^^^^^^^^^^^^^^^^^^^^^^^^^^^^^
  File "C:\Projets\Observations_Nids\.venv\Lib\site-packages\django\template\base.py", line 171, in render
    return self._render(context)
           ^^^^^^^^^^^^^^^^^^^^^
  File "C:\Projets\Observations_Nids\.venv\Lib\site-packages\django\test\utils.py", line 114, in instrumented_test_render
    return self.nodelist.render(context)
           ^^^^^^^^^^^^^^^^^^^^^^^^^^^^^
  File "C:\Projets\Observations_Nids\.venv\Lib\site-packages\django\template\base.py", line 1008, in render
    return SafeString("".join([node.render_annotated(context) for node in self]))
                               ^^^^^^^^^^^^^^^^^^^^^^^^^^^^^^
  File "C:\Projets\Observations_Nids\.venv\Lib\site-packages\django\template\base.py", line 969, in render_annotated
    return self.render(context)
           ^^^^^^^^^^^^^^^^^^^^
  File "C:\Projets\Observations_Nids\.venv\Lib\site-packages\django\template\loader_tags.py", line 159, in render
    return compiled_parent._render(context)
           ^^^^^^^^^^^^^^^^^^^^^^^^^^^^^^^^
  File "C:\Projets\Observations_Nids\.venv\Lib\site-packages\django\test\utils.py", line 114, in instrumented_test_render
    return self.nodelist.render(context)
           ^^^^^^^^^^^^^^^^^^^^^^^^^^^^^
  File "C:\Projets\Observations_Nids\.venv\Lib\site-packages\django\template\base.py", line 1008, in render
    return SafeString("".join([node.render_annotated(context) for node in self]))
                               ^^^^^^^^^^^^^^^^^^^^^^^^^^^^^^
  File "C:\Projets\Observations_Nids\.venv\Lib\site-packages\django\template\base.py", line 969, in render_annotated
    return self.render(context)
           ^^^^^^^^^^^^^^^^^^^^
  File "C:\Projets\Observations_Nids\.venv\Lib\site-packages\django\template\loader_tags.py", line 159, in render
    return compiled_parent._render(context)
           ^^^^^^^^^^^^^^^^^^^^^^^^^^^^^^^^
  File "C:\Projets\Observations_Nids\.venv\Lib\site-packages\django\test\utils.py", line 114, in instrumented_test_render
    return self.nodelist.render(context)
           ^^^^^^^^^^^^^^^^^^^^^^^^^^^^^
  File "C:\Projets\Observations_Nids\.venv\Lib\site-packages\django\template\base.py", line 1008, in render
    return SafeString("".join([node.render_annotated(context) for node in self]))
                               ^^^^^^^^^^^^^^^^^^^^^^^^^^^^^^
  File "C:\Projets\Observations_Nids\.venv\Lib\site-packages\django\template\base.py", line 969, in render_annotated
    return self.render(context)
           ^^^^^^^^^^^^^^^^^^^^
  File "C:\Projets\Observations_Nids\.venv\Lib\site-packages\django\template\loader_tags.py", line 159, in render
    return compiled_parent._render(context)
           ^^^^^^^^^^^^^^^^^^^^^^^^^^^^^^^^
  File "C:\Projets\Observations_Nids\.venv\Lib\site-packages\django\test\utils.py", line 114, in instrumented_test_render
    return self.nodelist.render(context)
           ^^^^^^^^^^^^^^^^^^^^^^^^^^^^^
  File "C:\Projets\Observations_Nids\.venv\Lib\site-packages\django\template\base.py", line 1008, in render
    return SafeString("".join([node.render_annotated(context) for node in self]))
                               ^^^^^^^^^^^^^^^^^^^^^^^^^^^^^^
  File "C:\Projets\Observations_Nids\.venv\Lib\site-packages\django\template\base.py", line 969, in render_annotated
    return self.render(context)
           ^^^^^^^^^^^^^^^^^^^^
  File "C:\Projets\Observations_Nids\.venv\Lib\site-packages\django\template\loader_tags.py", line 134, in render
    compiled_parent = self.get_parent(context)
                      ^^^^^^^^^^^^^^^^^^^^^^^^
  File "C:\Projets\Observations_Nids\.venv\Lib\site-packages\django\template\loader_tags.py", line 131, in get_parent
    return self.find_template(parent, context)
           ^^^^^^^^^^^^^^^^^^^^^^^^^^^^^^^^^^^
  File "C:\Projets\Observations_Nids\.venv\Lib\site-packages\django\template\loader_tags.py", line 109, in find_template
    template, origin = context.template.engine.find_template(
                       ^^^^^^^^^^^^^^^^^^^^^^^^^^^^^^^^^^^^^^
  File "C:\Projets\Observations_Nids\.venv\Lib\site-packages\django\template\engine.py", line 163, in find_template
    raise TemplateDoesNotExist(name, tried=tried)
django.template.exceptions.TemplateDoesNotExist: base.html

The above exception was the direct cause of the following exception:

Traceback (most recent call last):
  File "C:\Projets\Observations_Nids\.venv\Lib\site-packages\django\core\handlers\exception.py", line 55, in inner
    response = get_response(request)
               ^^^^^^^^^^^^^^^^^^^^^
  File "C:\Projets\Observations_Nids\.venv\Lib\site-packages\django\core\handlers\base.py", line 197, in _get_response
    response = wrapped_callback(request, *callback_args, **callback_kwargs)
               ^^^^^^^^^^^^^^^^^^^^^^^^^^^^^^^^^^^^^^^^^^^^^^^^^^^^^^^^^^^^
  File "C:\Projets\Observations_Nids\observations\views\views_home.py", line 17, in home
    return render(request, 'access_restricted.html')
           ^^^^^^^^^^^^^^^^^^^^^^^^^^^^^^^^^^^^^^^^^
  File "C:\Projets\Observations_Nids\.venv\Lib\site-packages\django\shortcuts.py", line 25, in render
    content = loader.render_to_string(template_name, context, request, using=using)
              ^^^^^^^^^^^^^^^^^^^^^^^^^^^^^^^^^^^^^^^^^^^^^^^^^^^^^^^^^^^^^^^^^^^^^
  File "C:\Projets\Observations_Nids\.venv\Lib\site-packages\django\template\loader.py", line 62, in render_to_string
    return template.render(context, request)
           ^^^^^^^^^^^^^^^^^^^^^^^^^^^^^^^^^
  File "C:\Projets\Observations_Nids\.venv\Lib\site-packages\django\template\backends\django.py", line 109, in render
    reraise(exc, self.backend)
  File "C:\Projets\Observations_Nids\.venv\Lib\site-packages\django\template\backends\django.py", line 130, in reraise
    raise new from exc
django.template.exceptions.TemplateDoesNotExist: base.html
ERROR 2025-09-20 11:16:04,872 [basehttp] "GET / HTTP/1.1" 500 206224
INFO 2025-09-20 11:25:53,560 [autoreload] Watching for file changes with StatReloader
INFO 2025-09-20 11:25:59,094 [views_home] Accueil visité
DEBUG 2025-09-20 11:25:59,094 [views_home] Visite anonyme - Redirection vers access_restricted.html
ERROR 2025-09-20 11:25:59,156 [log] Internal Server Error: /
Traceback (most recent call last):
  File "C:\Projets\Observations_Nids\.venv\Lib\site-packages\django\template\backends\django.py", line 107, in render
    return self.template.render(context)
           ^^^^^^^^^^^^^^^^^^^^^^^^^^^^^
  File "C:\Projets\Observations_Nids\.venv\Lib\site-packages\django\template\base.py", line 171, in render
    return self._render(context)
           ^^^^^^^^^^^^^^^^^^^^^
  File "C:\Projets\Observations_Nids\.venv\Lib\site-packages\django\test\utils.py", line 114, in instrumented_test_render
    return self.nodelist.render(context)
           ^^^^^^^^^^^^^^^^^^^^^^^^^^^^^
  File "C:\Projets\Observations_Nids\.venv\Lib\site-packages\django\template\base.py", line 1008, in render
    return SafeString("".join([node.render_annotated(context) for node in self]))
                               ^^^^^^^^^^^^^^^^^^^^^^^^^^^^^^
  File "C:\Projets\Observations_Nids\.venv\Lib\site-packages\django\template\base.py", line 969, in render_annotated
    return self.render(context)
           ^^^^^^^^^^^^^^^^^^^^
  File "C:\Projets\Observations_Nids\.venv\Lib\site-packages\django\template\loader_tags.py", line 159, in render
    return compiled_parent._render(context)
           ^^^^^^^^^^^^^^^^^^^^^^^^^^^^^^^^
  File "C:\Projets\Observations_Nids\.venv\Lib\site-packages\django\test\utils.py", line 114, in instrumented_test_render
    return self.nodelist.render(context)
           ^^^^^^^^^^^^^^^^^^^^^^^^^^^^^
  File "C:\Projets\Observations_Nids\.venv\Lib\site-packages\django\template\base.py", line 1008, in render
    return SafeString("".join([node.render_annotated(context) for node in self]))
                               ^^^^^^^^^^^^^^^^^^^^^^^^^^^^^^
  File "C:\Projets\Observations_Nids\.venv\Lib\site-packages\django\template\base.py", line 969, in render_annotated
    return self.render(context)
           ^^^^^^^^^^^^^^^^^^^^
  File "C:\Projets\Observations_Nids\.venv\Lib\site-packages\django\template\loader_tags.py", line 134, in render
    compiled_parent = self.get_parent(context)
                      ^^^^^^^^^^^^^^^^^^^^^^^^
  File "C:\Projets\Observations_Nids\.venv\Lib\site-packages\django\template\loader_tags.py", line 131, in get_parent
    return self.find_template(parent, context)
           ^^^^^^^^^^^^^^^^^^^^^^^^^^^^^^^^^^^
  File "C:\Projets\Observations_Nids\.venv\Lib\site-packages\django\template\loader_tags.py", line 109, in find_template
    template, origin = context.template.engine.find_template(
                       ^^^^^^^^^^^^^^^^^^^^^^^^^^^^^^^^^^^^^^
  File "C:\Projets\Observations_Nids\.venv\Lib\site-packages\django\template\engine.py", line 163, in find_template
    raise TemplateDoesNotExist(name, tried=tried)
django.template.exceptions.TemplateDoesNotExist: base.html

The above exception was the direct cause of the following exception:

Traceback (most recent call last):
  File "C:\Projets\Observations_Nids\.venv\Lib\site-packages\django\core\handlers\exception.py", line 55, in inner
    response = get_response(request)
               ^^^^^^^^^^^^^^^^^^^^^
  File "C:\Projets\Observations_Nids\.venv\Lib\site-packages\django\core\handlers\base.py", line 197, in _get_response
    response = wrapped_callback(request, *callback_args, **callback_kwargs)
               ^^^^^^^^^^^^^^^^^^^^^^^^^^^^^^^^^^^^^^^^^^^^^^^^^^^^^^^^^^^^
  File "C:\Projets\Observations_Nids\observations\views\views_home.py", line 17, in home
    return render(request, 'access_restricted.html')
           ^^^^^^^^^^^^^^^^^^^^^^^^^^^^^^^^^^^^^^^^^
  File "C:\Projets\Observations_Nids\.venv\Lib\site-packages\django\shortcuts.py", line 25, in render
    content = loader.render_to_string(template_name, context, request, using=using)
              ^^^^^^^^^^^^^^^^^^^^^^^^^^^^^^^^^^^^^^^^^^^^^^^^^^^^^^^^^^^^^^^^^^^^^
  File "C:\Projets\Observations_Nids\.venv\Lib\site-packages\django\template\loader.py", line 62, in render_to_string
    return template.render(context, request)
           ^^^^^^^^^^^^^^^^^^^^^^^^^^^^^^^^^
  File "C:\Projets\Observations_Nids\.venv\Lib\site-packages\django\template\backends\django.py", line 109, in render
    reraise(exc, self.backend)
  File "C:\Projets\Observations_Nids\.venv\Lib\site-packages\django\template\backends\django.py", line 130, in reraise
    raise new from exc
django.template.exceptions.TemplateDoesNotExist: base.html
ERROR 2025-09-20 11:25:59,268 [basehttp] "GET / HTTP/1.1" 500 170449
INFO 2025-09-20 11:28:34,636 [autoreload] Watching for file changes with StatReloader
INFO 2025-09-20 11:31:15,623 [views_home] Accueil visité
DEBUG 2025-09-20 11:31:15,624 [views_home] Visite anonyme - Redirection vers access_restricted.html
INFO 2025-09-20 11:31:15,662 [basehttp] "GET / HTTP/1.1" 200 13826
INFO 2025-09-20 11:31:15,724 [views_home] Accueil visité
DEBUG 2025-09-20 11:31:15,724 [views_home] Visite anonyme - Redirection vers access_restricted.html
INFO 2025-09-20 11:31:15,739 [basehttp] "GET / HTTP/1.1" 200 13826
INFO 2025-09-20 11:31:24,096 [basehttp] "GET /auth/login/ HTTP/1.1" 200 16125
INFO 2025-09-20 11:31:24,134 [basehttp] "GET /static/Observations/js/main.js HTTP/1.1" 304 0
INFO 2025-09-20 11:32:01,426 [basehttp] "POST /auth/login/ HTTP/1.1" 200 13882
INFO 2025-09-20 11:32:03,644 [views_home] Accueil visité
INFO 2025-09-20 11:32:03,727 [basehttp] "GET / HTTP/1.1" 200 17201
INFO 2025-09-20 11:32:15,989 [basehttp] "GET /gestion/utilisateurs/ HTTP/1.1" 200 20250
INFO 2025-09-20 11:32:19,301 [basehttp] "GET /gestion/utilisateurs/1/detail/ HTTP/1.1" 200 907
INFO 2025-09-20 11:32:19,316 [basehttp] "GET /gestion/utilisateurs/1/modifier/ HTTP/1.1" 200 20662
INFO 2025-09-20 11:32:39,168 [basehttp] "POST /gestion/utilisateurs/1/modifier/ HTTP/1.1" 200 13955
INFO 2025-09-20 11:32:41,417 [basehttp] "GET /gestion/utilisateurs/ HTTP/1.1" 200 20571
INFO 2025-09-20 11:32:51,667 [basehttp] "GET /gestion/utilisateurs/1/detail/ HTTP/1.1" 200 936
INFO 2025-09-20 11:32:51,885 [basehttp] "GET /__debug__/history_sidebar/?store_id=575eccaabfc74495b035ac50909ae928 HTTP/1.1" 200 10208
INFO 2025-09-20 11:33:05,396 [basehttp] "GET /gestion/utilisateurs/creer/ HTTP/1.1" 200 21129
INFO 2025-09-20 11:33:08,985 [views_home] Accueil visité
INFO 2025-09-20 11:33:09,045 [basehttp] "GET / HTTP/1.1" 200 17201
INFO 2025-09-20 11:37:50,984 [autoreload] Watching for file changes with StatReloader
INFO 2025-09-20 11:37:57,176 [views_home] Accueil visité
INFO 2025-09-20 11:37:57,673 [basehttp] "GET / HTTP/1.1" 200 17274
WARNING 2025-09-20 11:37:57,787 [basehttp] "GET /static/css/styles.css HTTP/1.1" 404 1856
INFO 2025-09-20 11:38:01,131 [views_home] Accueil visité
INFO 2025-09-20 11:38:01,250 [basehttp] "GET / HTTP/1.1" 200 17274
WARNING 2025-09-20 11:38:01,292 [basehttp] "GET /static/css/styles.css HTTP/1.1" 404 1856
INFO 2025-09-20 11:38:09,729 [basehttp] "GET /observations/ HTTP/1.1" 200 32470
WARNING 2025-09-20 11:38:09,806 [basehttp] "GET /static/css/styles.css HTTP/1.1" 404 1856
INFO 2025-09-20 11:38:13,455 [views_home] Accueil visité
INFO 2025-09-20 11:38:13,545 [basehttp] "GET / HTTP/1.1" 200 17273
WARNING 2025-09-20 11:38:13,598 [basehttp] "GET /static/css/styles.css HTTP/1.1" 404 1856
INFO 2025-09-20 11:38:15,980 [basehttp] "GET /observations/ HTTP/1.1" 200 32470
WARNING 2025-09-20 11:38:16,012 [basehttp] "GET /static/css/styles.css HTTP/1.1" 404 1856
INFO 2025-09-20 11:38:18,654 [views_home] Accueil visité
INFO 2025-09-20 11:38:18,738 [basehttp] "GET / HTTP/1.1" 200 17273
WARNING 2025-09-20 11:38:18,765 [basehttp] "GET /static/css/styles.css HTTP/1.1" 404 1856
INFO 2025-09-20 11:38:20,681 [basehttp] "GET /observations/ HTTP/1.1" 200 32470
WARNING 2025-09-20 11:38:20,709 [basehttp] "GET /static/css/styles.css HTTP/1.1" 404 1856
INFO 2025-09-20 11:38:24,824 [basehttp] "GET /transcription/selection-repertoire/ HTTP/1.1" 200 18230
INFO 2025-09-20 11:47:04,328 [views_home] Accueil visité
INFO 2025-09-20 11:47:04,483 [basehttp] "GET / HTTP/1.1" 200 17274
WARNING 2025-09-20 11:47:04,540 [basehttp] "GET /static/css/styles.css HTTP/1.1" 404 1856
INFO 2025-09-20 11:47:09,038 [basehttp] "GET /gestion/utilisateurs/ HTTP/1.1" 200 20279
INFO 2025-09-20 11:47:13,297 [basehttp] "GET /gestion/utilisateurs/1/detail/ HTTP/1.1" 200 16702
INFO 2025-09-20 11:47:13,309 [basehttp] "GET /gestion/utilisateurs/1/modifier/ HTTP/1.1" 200 20711
INFO 2025-09-20 11:47:18,733 [views_home] Accueil visité
INFO 2025-09-20 11:47:18,813 [basehttp] "GET / HTTP/1.1" 200 17273
WARNING 2025-09-20 11:47:18,842 [basehttp] "GET /static/css/styles.css HTTP/1.1" 404 1856
INFO 2025-09-20 11:47:22,280 [basehttp] "GET /gestion/utilisateurs/creer/ HTTP/1.1" 200 21129
INFO 2025-09-20 11:47:24,489 [basehttp] "GET /gestion/utilisateurs/ HTTP/1.1" 200 20278
INFO 2025-09-20 11:47:37,663 [views_home] Accueil visité
INFO 2025-09-20 11:47:37,747 [basehttp] "GET / HTTP/1.1" 200 17273
WARNING 2025-09-20 11:47:37,777 [basehttp] "GET /static/css/styles.css HTTP/1.1" 404 1856
INFO 2025-09-20 11:47:54,589 [basehttp] "GET /transcription/selection-repertoire/ HTTP/1.1" 200 18230
INFO 2025-09-20 11:47:58,596 [views_home] Accueil visité
INFO 2025-09-20 11:47:58,676 [basehttp] "GET / HTTP/1.1" 200 17273
WARNING 2025-09-20 11:47:58,707 [basehttp] "GET /static/css/styles.css HTTP/1.1" 404 1856
INFO 2025-09-20 11:48:01,230 [basehttp] "GET /importation/ HTTP/1.1" 200 20330
INFO 2025-09-20 11:48:42,122 [basehttp] "GET /gestion/utilisateurs/ HTTP/1.1" 200 20278
